[2013-08-29 13:08:58] request.ERROR: Uncaught PHP Exception Symfony\Component\HttpKernel\Exception\NotFoundHttpException: "No route found for "GET /bundles/loginlogin/css/bootstrap-resnposive.css"" at C:\xampp\htdocs\LoginProject\vendor\symfony\symfony\src\Symfony\Component\HttpKernel\EventListener\RouterListener.php line 94 [] []
[2013-08-29 13:20:47] request.ERROR: Uncaught PHP Exception Symfony\Component\HttpKernel\Exception\NotFoundHttpException: "No route found for "GET /bundles/loginlogin/css/bootstrap-resnposive.css"" at C:\xampp\htdocs\LoginProject\vendor\symfony\symfony\src\Symfony\Component\HttpKernel\EventListener\RouterListener.php line 94 [] []
[2013-08-29 13:39:38] request.ERROR: Uncaught PHP Exception Symfony\Component\HttpKernel\Exception\NotFoundHttpException: "No route found for "GET /bundles/loginlogin/css/bootstrap-resnposive.css"" at C:\xampp\htdocs\LoginProject\app\cache\prod\classes.php line 3597 [] []
[2013-08-29 13:39:48] request.ERROR: Uncaught PHP Exception Symfony\Component\HttpKernel\Exception\NotFoundHttpException: "No route found for "GET /bundles/loginlogin/css/bootstrap-resnposive.css"" at C:\xampp\htdocs\LoginProject\app\cache\prod\classes.php line 3597 [] []
[2013-08-29 13:44:33] request.ERROR: Uncaught PHP Exception Symfony\Component\HttpKernel\Exception\NotFoundHttpException: "No route found for "GET /bundles/loginlogin/css/bootstrap-resnposive.css"" at C:\xampp\htdocs\LoginProject\app\cache\prod\classes.php line 3597 [] []
[2013-08-29 15:21:43] request.ERROR: Uncaught PHP Exception Symfony\Component\HttpKernel\Exception\NotFoundHttpException: "No route found for "GET /bundles/loginlogin/css/bootstrap-resnposive.css"" at C:\xampp\htdocs\LoginProject\app\cache\prod\classes.php line 3597 [] []
[2013-08-29 15:23:35] request.ERROR: Uncaught PHP Exception Symfony\Component\HttpKernel\Exception\NotFoundHttpException: "No route found for "GET /bundles/loginlogin/css/bootstrap-resnposive.css"" at C:\xampp\htdocs\LoginProject\app\cache\prod\classes.php line 3597 [] []
[2013-08-29 15:38:03] request.ERROR: Uncaught PHP Exception Symfony\Component\HttpKernel\Exception\NotFoundHttpException: "No route found for "GET /bundles/loginlogin/css/bootstrap-resnposive.css"" at C:\xampp\htdocs\LoginProject\app\cache\prod\classes.php line 3597 [] []
[2013-08-29 15:38:40] request.ERROR: Uncaught PHP Exception Symfony\Component\HttpKernel\Exception\NotFoundHttpException: "No route found for "GET /bundles/loginlogin/css/bootstrap-resnposive.css"" at C:\xampp\htdocs\LoginProject\app\cache\prod\classes.php line 3597 [] []
[2013-08-29 15:41:20] request.ERROR: Uncaught PHP Exception Symfony\Component\HttpKernel\Exception\NotFoundHttpException: "No route found for "GET /bundles/loginlogin/css/bootstrap-resnposive.css"" at C:\xampp\htdocs\LoginProject\app\cache\prod\classes.php line 3597 [] []
[2013-08-29 15:42:26] request.ERROR: Uncaught PHP Exception Symfony\Component\HttpKernel\Exception\NotFoundHttpException: "No route found for "GET /bundles/loginlogin/css/bootstrap-resnposive.css"" at C:\xampp\htdocs\LoginProject\app\cache\prod\classes.php line 3597 [] []
[2013-08-29 15:43:36] request.ERROR: Uncaught PHP Exception Symfony\Component\HttpKernel\Exception\NotFoundHttpException: "No route found for "GET /bundles/loginlogin/css/bootstrap-resnposive.css"" at C:\xampp\htdocs\LoginProject\app\cache\prod\classes.php line 3597 [] []
[2013-08-29 15:43:58] request.ERROR: Uncaught PHP Exception Symfony\Component\HttpKernel\Exception\NotFoundHttpException: "No route found for "GET /bundles/loginlogin/css/bootstrap-resnposive.css"" at C:\xampp\htdocs\LoginProject\app\cache\prod\classes.php line 3597 [] []
[2013-08-29 15:46:05] request.ERROR: Uncaught PHP Exception Symfony\Component\HttpKernel\Exception\NotFoundHttpException: "No route found for "GET /bundles/loginlogin/css/bootstrap-resnposive.css"" at C:\xampp\htdocs\LoginProject\app\cache\prod\classes.php line 3597 [] []
[2013-08-29 15:46:16] request.ERROR: Uncaught PHP Exception Symfony\Component\HttpKernel\Exception\NotFoundHttpException: "No route found for "GET /bundles/loginlogin/css/bootstrap-resnposive.css"" at C:\xampp\htdocs\LoginProject\app\cache\prod\classes.php line 3597 [] []
[2013-08-29 15:58:36] request.ERROR: Uncaught PHP Exception Symfony\Component\HttpKernel\Exception\NotFoundHttpException: "No route found for "GET /bundles/loginlogin/css/bootstrap-resnposive.css"" at C:\xampp\htdocs\LoginProject\app\cache\prod\classes.php line 3597 [] []
[2013-08-29 15:58:45] request.ERROR: Uncaught PHP Exception Symfony\Component\HttpKernel\Exception\NotFoundHttpException: "No route found for "GET /bundles/loginlogin/css/bootstrap-resnposive.css"" at C:\xampp\htdocs\LoginProject\app\cache\prod\classes.php line 3597 [] []
[2013-08-29 16:00:13] request.ERROR: Uncaught PHP Exception Symfony\Component\HttpKernel\Exception\NotFoundHttpException: "No route found for "GET /bundles/loginlogin/css/bootstrap-resnposive.css"" at C:\xampp\htdocs\LoginProject\app\cache\prod\classes.php line 3597 [] []
[2013-08-30 11:20:49] request.ERROR: Uncaught PHP Exception Symfony\Component\HttpKernel\Exception\NotFoundHttpException: "No route found for "GET /bundles/loginlogin/css/bootstrap-resnposive.css"" at C:\xampp\htdocs\LoginProject\app\cache\prod\classes.php line 3597 [] []
[2013-08-30 11:21:05] request.ERROR: Uncaught PHP Exception Symfony\Component\HttpKernel\Exception\NotFoundHttpException: "No route found for "GET /bundles/loginlogin/css/bootstrap-resnposive.css"" at C:\xampp\htdocs\LoginProject\app\cache\prod\classes.php line 3597 [] []
[2013-08-30 11:22:26] request.ERROR: Uncaught PHP Exception Symfony\Component\HttpKernel\Exception\NotFoundHttpException: "No route found for "GET /bundles/loginlogin/css/bootstrap-resnposive.css"" at C:\xampp\htdocs\LoginProject\app\cache\prod\classes.php line 3597 [] []
[2013-08-30 11:22:38] request.ERROR: Uncaught PHP Exception Symfony\Component\HttpKernel\Exception\NotFoundHttpException: "No route found for "GET /bundles/loginlogin/css/bootstrap-resnposive.css"" at C:\xampp\htdocs\LoginProject\app\cache\prod\classes.php line 3597 [] []
[2013-08-30 11:23:17] request.ERROR: Uncaught PHP Exception Symfony\Component\HttpKernel\Exception\NotFoundHttpException: "No route found for "GET /bundles/loginlogin/css/bootstrap-resnposive.css"" at C:\xampp\htdocs\LoginProject\app\cache\prod\classes.php line 3597 [] []
[2013-08-30 11:23:22] request.ERROR: Uncaught PHP Exception Symfony\Component\HttpKernel\Exception\NotFoundHttpException: "No route found for "GET /bundles/loginlogin/css/bootstrap-resnposive.css"" at C:\xampp\htdocs\LoginProject\app\cache\prod\classes.php line 3597 [] []
[2013-08-30 11:24:22] request.ERROR: Uncaught PHP Exception Symfony\Component\HttpKernel\Exception\NotFoundHttpException: "No route found for "GET /bundles/loginlogin/css/bootstrap-resnposive.css"" at C:\xampp\htdocs\LoginProject\app\cache\prod\classes.php line 3597 [] []
[2013-08-30 11:24:28] request.ERROR: Uncaught PHP Exception Symfony\Component\HttpKernel\Exception\NotFoundHttpException: "No route found for "GET /bundles/loginlogin/css/bootstrap-resnposive.css"" at C:\xampp\htdocs\LoginProject\app\cache\prod\classes.php line 3597 [] []
[2013-08-30 11:29:05] request.ERROR: Uncaught PHP Exception Symfony\Component\HttpKernel\Exception\NotFoundHttpException: "No route found for "GET /bundles/loginlogin/css/bootstrap-resnposive.css"" at C:\xampp\htdocs\LoginProject\app\cache\prod\classes.php line 3597 [] []
[2013-08-30 11:29:10] request.ERROR: Uncaught PHP Exception Symfony\Component\HttpKernel\Exception\NotFoundHttpException: "No route found for "GET /bundles/loginlogin/css/bootstrap-resnposive.css"" at C:\xampp\htdocs\LoginProject\app\cache\prod\classes.php line 3597 [] []
[2013-08-30 11:34:47] request.ERROR: Uncaught PHP Exception Symfony\Component\HttpKernel\Exception\NotFoundHttpException: "No route found for "GET /bundles/loginlogin/css/bootstrap-resnposive.css"" at C:\xampp\htdocs\LoginProject\app\cache\prod\classes.php line 3597 [] []
[2013-08-30 11:36:01] request.ERROR: Uncaught PHP Exception Symfony\Component\HttpKernel\Exception\NotFoundHttpException: "No route found for "GET /bundles/loginlogin/css/bootstrap-resnposive.css"" at C:\xampp\htdocs\LoginProject\app\cache\prod\classes.php line 3597 [] []
[2013-08-30 11:43:13] request.ERROR: Uncaught PHP Exception Symfony\Component\HttpKernel\Exception\NotFoundHttpException: "No route found for "GET /bundles/loginlogin/css/bootstrap-resnposive.css"" at C:\xampp\htdocs\LoginProject\app\cache\prod\classes.php line 3597 [] []
[2013-08-30 11:43:19] request.ERROR: Uncaught PHP Exception Symfony\Component\HttpKernel\Exception\NotFoundHttpException: "No route found for "GET /bundles/loginlogin/css/bootstrap-resnposive.css"" at C:\xampp\htdocs\LoginProject\app\cache\prod\classes.php line 3597 [] []
[2013-08-30 11:43:26] request.ERROR: Uncaught PHP Exception Symfony\Component\HttpKernel\Exception\NotFoundHttpException: "No route found for "GET /bundles/loginlogin/css/bootstrap-resnposive.css"" at C:\xampp\htdocs\LoginProject\app\cache\prod\classes.php line 3597 [] []
[2013-08-30 11:44:25] request.ERROR: Uncaught PHP Exception Symfony\Component\HttpKernel\Exception\NotFoundHttpException: "No route found for "GET /bundles/loginlogin/css/bootstrap-resnposive.css"" at C:\xampp\htdocs\LoginProject\app\cache\prod\classes.php line 3597 [] []
[2013-08-30 11:44:39] request.ERROR: Uncaught PHP Exception Symfony\Component\HttpKernel\Exception\NotFoundHttpException: "No route found for "GET /bundles/loginlogin/css/bootstrap-resnposive.css"" at C:\xampp\htdocs\LoginProject\app\cache\prod\classes.php line 3597 [] []
[2013-08-30 15:16:59] request.ERROR: Uncaught PHP Exception Symfony\Component\HttpKernel\Exception\NotFoundHttpException: "No route found for "GET /bundles/loginlogin/css/bootstrap-resnposive.css"" at C:\xampp\htdocs\LoginProject\app\cache\prod\classes.php line 3597 [] []
[2013-08-30 15:17:44] request.ERROR: Uncaught PHP Exception Symfony\Component\HttpKernel\Exception\NotFoundHttpException: "No route found for "GET /bundles/loginlogin/css/bootstrap-resnposive.css"" at C:\xampp\htdocs\LoginProject\app\cache\prod\classes.php line 3597 [] []
[2013-08-30 15:19:00] request.ERROR: Uncaught PHP Exception Symfony\Component\HttpKernel\Exception\NotFoundHttpException: "No route found for "GET /bundles/loginlogin/css/bootstrap-resnposive.css"" at C:\xampp\htdocs\LoginProject\app\cache\prod\classes.php line 3597 [] []
[2013-08-30 15:19:25] request.ERROR: Uncaught PHP Exception Symfony\Component\HttpKernel\Exception\NotFoundHttpException: "No route found for "GET /bundles/loginlogin/css/bootstrap-resnposive.css"" at C:\xampp\htdocs\LoginProject\app\cache\prod\classes.php line 3597 [] []
[2013-08-30 15:20:03] request.ERROR: Uncaught PHP Exception Symfony\Component\HttpKernel\Exception\NotFoundHttpException: "No route found for "GET /bundles/loginlogin/css/bootstrap-resnposive.css"" at C:\xampp\htdocs\LoginProject\app\cache\prod\classes.php line 3597 [] []
[2013-08-30 15:20:05] request.ERROR: Uncaught PHP Exception Symfony\Component\HttpKernel\Exception\NotFoundHttpException: "No route found for "GET /bundles/loginlogin/css/bootstrap-resnposive.css"" at C:\xampp\htdocs\LoginProject\app\cache\prod\classes.php line 3597 [] []
[2013-08-30 15:26:54] request.ERROR: Uncaught PHP Exception Symfony\Component\HttpKernel\Exception\NotFoundHttpException: "No route found for "GET /bundles/loginlogin/css/bootstrap-resnposive.css"" at C:\xampp\htdocs\LoginProject\app\cache\prod\classes.php line 3597 [] []
[2013-08-30 15:27:44] request.ERROR: Uncaught PHP Exception Symfony\Component\HttpKernel\Exception\NotFoundHttpException: "No route found for "GET /bundles/loginlogin/css/bootstrap-resnposive.css"" at C:\xampp\htdocs\LoginProject\app\cache\prod\classes.php line 3597 [] []
[2013-08-30 15:45:33] request.ERROR: Uncaught PHP Exception Symfony\Component\HttpKernel\Exception\NotFoundHttpException: "No route found for "GET /bundles/loginlogin/css/bootstrap-resnposive.css"" at C:\xampp\htdocs\LoginProject\app\cache\prod\classes.php line 3597 [] []
[2013-08-30 15:45:55] request.ERROR: Uncaught PHP Exception Symfony\Component\HttpKernel\Exception\NotFoundHttpException: "No route found for "GET /bundles/loginlogin/css/bootstrap-resnposive.css"" at C:\xampp\htdocs\LoginProject\app\cache\prod\classes.php line 3597 [] []
[2013-09-03 08:14:02] request.ERROR: Uncaught PHP Exception Symfony\Component\HttpKernel\Exception\NotFoundHttpException: "No route found for "GET /bundles/loginlogin/css/bootstrap-resnposive.css"" at C:\xampp\htdocs\LoginProject\app\cache\prod\classes.php line 3597 [] []
[2013-09-03 08:54:18] request.ERROR: Uncaught PHP Exception Symfony\Component\HttpKernel\Exception\NotFoundHttpException: "No route found for "GET /bundles/loginlogin/css/bootstrap-resnposive.css"" at C:\xampp\htdocs\LoginProject\app\cache\prod\classes.php line 3597 [] []
[2013-09-03 08:54:53] request.ERROR: Uncaught PHP Exception Symfony\Component\HttpKernel\Exception\NotFoundHttpException: "No route found for "GET /bundles/loginlogin/css/bootstrap-resnposive.css"" at C:\xampp\htdocs\LoginProject\app\cache\prod\classes.php line 3597 [] []
[2013-09-03 09:28:18] request.ERROR: Uncaught PHP Exception Symfony\Component\HttpKernel\Exception\NotFoundHttpException: "No route found for "GET /bundles/loginlogin/css/bootstrap-resnposive.css"" at C:\xampp\htdocs\LoginProject\app\cache\prod\classes.php line 3597 [] []
[2013-09-03 12:41:44] request.ERROR: Uncaught PHP Exception Symfony\Component\HttpKernel\Exception\NotFoundHttpException: "No route found for "GET /bundles/loginlogin/css/bootstrap-resnposive.css"" at C:\xampp\htdocs\LoginProject\app\cache\prod\classes.php line 3597 [] []
[2013-09-03 12:42:17] request.ERROR: Uncaught PHP Exception Symfony\Component\HttpKernel\Exception\NotFoundHttpException: "No route found for "GET /bundles/loginlogin/css/bootstrap-resnposive.css"" at C:\xampp\htdocs\LoginProject\app\cache\prod\classes.php line 3597 [] []
[2013-09-03 12:42:45] request.ERROR: Uncaught PHP Exception Symfony\Component\HttpKernel\Exception\NotFoundHttpException: "No route found for "GET /bundles/loginlogin/css/bootstrap-resnposive.css"" at C:\xampp\htdocs\LoginProject\app\cache\prod\classes.php line 3597 [] []
[2013-09-03 12:42:51] request.ERROR: Uncaught PHP Exception Symfony\Component\HttpKernel\Exception\NotFoundHttpException: "No route found for "GET /bundles/loginlogin/css/bootstrap-resnposive.css"" at C:\xampp\htdocs\LoginProject\app\cache\prod\classes.php line 3597 [] []
[2013-09-03 12:42:58] request.ERROR: Uncaught PHP Exception Symfony\Component\HttpKernel\Exception\NotFoundHttpException: "No route found for "GET /bundles/loginlogin/css/bootstrap-resnposive.css"" at C:\xampp\htdocs\LoginProject\app\cache\prod\classes.php line 3597 [] []
[2013-09-03 12:43:02] request.ERROR: Uncaught PHP Exception Symfony\Component\HttpKernel\Exception\NotFoundHttpException: "No route found for "GET /bundles/loginlogin/css/bootstrap-resnposive.css"" at C:\xampp\htdocs\LoginProject\app\cache\prod\classes.php line 3597 [] []
[2013-09-03 12:45:17] request.ERROR: Uncaught PHP Exception Symfony\Component\HttpKernel\Exception\NotFoundHttpException: "No route found for "GET /bundles/loginlogin/css/bootstrap-resnposive.css"" at C:\xampp\htdocs\LoginProject\app\cache\prod\classes.php line 3597 [] []
[2013-09-03 12:45:20] request.ERROR: Uncaught PHP Exception Symfony\Component\HttpKernel\Exception\NotFoundHttpException: "No route found for "GET /bundles/loginlogin/css/bootstrap-resnposive.css"" at C:\xampp\htdocs\LoginProject\app\cache\prod\classes.php line 3597 [] []
[2013-09-03 12:45:24] request.ERROR: Uncaught PHP Exception Symfony\Component\HttpKernel\Exception\NotFoundHttpException: "No route found for "GET /bundles/loginlogin/css/bootstrap-resnposive.css"" at C:\xampp\htdocs\LoginProject\app\cache\prod\classes.php line 3597 [] []
[2013-09-03 12:45:26] request.ERROR: Uncaught PHP Exception Symfony\Component\HttpKernel\Exception\NotFoundHttpException: "No route found for "GET /bundles/loginlogin/css/bootstrap-resnposive.css"" at C:\xampp\htdocs\LoginProject\app\cache\prod\classes.php line 3597 [] []
[2013-09-03 12:45:36] request.ERROR: Uncaught PHP Exception Symfony\Component\HttpKernel\Exception\NotFoundHttpException: "No route found for "GET /bundles/loginlogin/css/bootstrap-resnposive.css"" at C:\xampp\htdocs\LoginProject\app\cache\prod\classes.php line 3597 [] []
[2013-09-03 12:45:40] request.ERROR: Uncaught PHP Exception Symfony\Component\HttpKernel\Exception\NotFoundHttpException: "No route found for "GET /bundles/loginlogin/css/bootstrap-resnposive.css"" at C:\xampp\htdocs\LoginProject\app\cache\prod\classes.php line 3597 [] []
[2013-09-06 13:48:18] request.ERROR: Uncaught PHP Exception Symfony\Component\HttpKernel\Exception\NotFoundHttpException: "No route found for "GET /bundles/loginlogin/css/bootstrap-resnposive.css"" at C:\xampp\htdocs\LoginProject\app\cache\prod\classes.php line 3597 [] []
[2013-09-10 13:38:56] request.ERROR: Uncaught PHP Exception Symfony\Component\HttpKernel\Exception\NotFoundHttpException: "No route found for "GET /bundles/loginlogin/css/bootstrap-resnposive.css"" at C:\xampp\htdocs\LoginProject\app\cache\prod\classes.php line 3597 [] []
[2013-09-14 01:10:33] event.DEBUG: Notified event "kernel.request" to listener "Symfony\Component\HttpKernel\EventListener\ProfilerListener::onKernelRequest". [] []
[2013-09-14 01:10:33] event.DEBUG: Notified event "kernel.request" to listener "Symfony\Bundle\FrameworkBundle\EventListener\SessionListener::onKernelRequest". [] []
[2013-09-14 01:10:33] event.DEBUG: Notified event "kernel.request" to listener "Symfony\Component\HttpKernel\EventListener\FragmentListener::onKernelRequest". [] []
[2013-09-14 01:10:33] event.DEBUG: Notified event "kernel.request" to listener "Symfony\Component\HttpKernel\EventListener\RouterListener::onKernelRequest". [] []
[2013-09-14 01:10:33] event.DEBUG: Notified event "kernel.exception" to listener "Symfony\Component\HttpKernel\EventListener\ProfilerListener::onKernelException". [] []
[2013-09-14 01:10:33] event.DEBUG: Notified event "kernel.exception" to listener "Symfony\Component\HttpKernel\EventListener\ExceptionListener::onKernelException". [] []
[2013-09-14 01:10:33] request.CRITICAL: Uncaught PHP Exception Symfony\Component\Config\Exception\FileLoaderLoadException: "Cannot import resource "@AcmeDemoBundle/Controller/SecuredController.php" from "C:/xampp2/htdocs/LoginProject/app/config/routing.yml". Make sure the "AcmeDemoBundle/Controller/SecuredController.php" bundle is correctly registered and loaded in the application kernel class." at C:\xampp2\htdocs\LoginProject\vendor\symfony\symfony\src\Symfony\Component\Config\Loader\FileLoader.php line 92 [] []
[2013-09-14 01:10:33] event.DEBUG: Notified event "kernel.request" to listener "closure". [] []
[2013-09-14 01:10:33] event.DEBUG: Notified event "kernel.request" to listener "Symfony\Component\HttpKernel\EventListener\ProfilerListener::onKernelRequest". [] []
[2013-09-14 01:10:33] event.DEBUG: Notified event "kernel.request" to listener "closure". [] []
[2013-09-14 01:10:33] event.DEBUG: Notified event "kernel.request" to listener "Symfony\Bundle\FrameworkBundle\EventListener\SessionListener::onKernelRequest". [] []
[2013-09-14 01:10:33] event.DEBUG: Notified event "kernel.request" to listener "closure". [] []
[2013-09-14 01:10:33] event.DEBUG: Notified event "kernel.request" to listener "Symfony\Component\HttpKernel\EventListener\FragmentListener::onKernelRequest". [] []
[2013-09-14 01:10:33] event.DEBUG: Notified event "kernel.request" to listener "closure". [] []
[2013-09-14 01:10:33] event.DEBUG: Notified event "kernel.request" to listener "Symfony\Component\HttpKernel\EventListener\RouterListener::onKernelRequest". [] []
[2013-09-14 01:10:33] event.DEBUG: Notified event "kernel.request" to listener "closure". [] []
[2013-09-14 01:10:33] event.DEBUG: Notified event "kernel.request" to listener "Symfony\Component\HttpKernel\EventListener\LocaleListener::onKernelRequest". [] []
[2013-09-14 01:10:33] event.DEBUG: Notified event "kernel.request" to listener "closure". [] []
[2013-09-14 01:10:33] event.DEBUG: Notified event "kernel.request" to listener "Symfony\Component\Security\Http\Firewall::onKernelRequest". [] []
[2013-09-14 01:10:33] event.DEBUG: Notified event "kernel.request" to listener "closure". [] []
[2013-09-14 01:10:33] event.DEBUG: Notified event "kernel.request" to listener "Symfony\Component\HttpKernel\Fragment\FragmentHandler::onKernelRequest". [] []
[2013-09-14 01:10:33] event.DEBUG: Notified event "kernel.request" to listener "closure". [] []
[2013-09-14 01:10:33] event.DEBUG: Notified event "kernel.request" to listener "Symfony\Component\HttpKernel\EventListener\DeprecationLoggerListener::injectLogger". [] []
[2013-09-14 01:10:33] event.DEBUG: Notified event "kernel.controller" to listener "Symfony\Bundle\FrameworkBundle\DataCollector\RouterDataCollector::onKernelController". [] []
[2013-09-14 01:10:33] event.DEBUG: Notified event "kernel.controller" to listener "Sensio\Bundle\FrameworkExtraBundle\EventListener\ControllerListener::onKernelController". [] []
[2013-09-14 01:10:33] event.DEBUG: Notified event "kernel.controller" to listener "Sensio\Bundle\FrameworkExtraBundle\EventListener\ParamConverterListener::onKernelController". [] []
[2013-09-14 01:10:33] event.DEBUG: Notified event "kernel.controller" to listener "Sensio\Bundle\FrameworkExtraBundle\EventListener\TemplateListener::onKernelController". [] []
[2013-09-14 01:10:33] event.DEBUG: Notified event "kernel.controller" to listener "Symfony\Component\HttpKernel\DataCollector\RequestDataCollector::onKernelController". [] []
[2013-09-14 01:10:34] event.DEBUG: Notified event "kernel.response" to listener "Sensio\Bundle\FrameworkExtraBundle\EventListener\CacheListener::onKernelResponse". [] []
[2013-09-14 01:10:34] event.DEBUG: Notified event "kernel.response" to listener "Symfony\Component\HttpKernel\EventListener\ResponseListener::onKernelResponse". [] []
[2013-09-14 01:10:34] event.DEBUG: Notified event "kernel.response" to listener "Symfony\Component\HttpKernel\EventListener\LocaleListener::onKernelResponse". [] []
[2013-09-14 01:10:34] event.DEBUG: Notified event "kernel.response" to listener "Symfony\Component\HttpKernel\Fragment\FragmentHandler::onKernelResponse". [] []
[2013-09-14 01:10:34] event.DEBUG: Notified event "kernel.response" to listener "Symfony\Component\Security\Http\RememberMe\ResponseListener::onKernelResponse". [] []
[2013-09-14 01:10:34] event.DEBUG: Notified event "kernel.response" to listener "Symfony\Component\HttpKernel\EventListener\ProfilerListener::onKernelResponse". [] []
[2013-09-14 01:10:34] event.DEBUG: Notified event "kernel.response" to listener "Symfony\Component\HttpKernel\EventListener\StreamedResponseListener::onKernelResponse". [] []
[2013-09-14 01:10:34] event.DEBUG: Listener "Symfony\Component\HttpKernel\EventListener\ExceptionListener::onKernelException" stopped propagation of the event "kernel.exception". [] []
[2013-09-14 01:10:34] event.DEBUG: Notified event "kernel.response" to listener "Sensio\Bundle\FrameworkExtraBundle\EventListener\CacheListener::onKernelResponse". [] []
[2013-09-14 01:10:34] event.DEBUG: Notified event "kernel.response" to listener "Symfony\Component\HttpKernel\EventListener\ResponseListener::onKernelResponse". [] []
[2013-09-14 01:10:34] event.DEBUG: Notified event "kernel.response" to listener "Symfony\Component\HttpKernel\EventListener\LocaleListener::onKernelResponse". [] []
[2013-09-14 01:10:34] event.DEBUG: Notified event "kernel.response" to listener "Symfony\Component\HttpKernel\Fragment\FragmentHandler::onKernelResponse". [] []
[2013-09-14 01:10:34] event.DEBUG: Notified event "kernel.response" to listener "Symfony\Component\Security\Http\RememberMe\ResponseListener::onKernelResponse". [] []
[2013-09-14 01:10:34] event.DEBUG: Notified event "kernel.response" to listener "Symfony\Component\HttpKernel\EventListener\ProfilerListener::onKernelResponse". [] []
[2013-09-14 01:10:34] event.DEBUG: Notified event "kernel.response" to listener "Symfony\Component\HttpKernel\EventListener\StreamedResponseListener::onKernelResponse". [] []
[2013-09-14 01:10:34] event.DEBUG: Notified event "kernel.terminate" to listener "Symfony\Bundle\SwiftmailerBundle\EventListener\EmailSenderListener::onKernelTerminate". [] []
[2013-09-14 01:11:05] event.DEBUG: Notified event "kernel.request" to listener "Symfony\Component\HttpKernel\EventListener\ProfilerListener::onKernelRequest". [] []
[2013-09-14 01:11:05] event.DEBUG: Notified event "kernel.request" to listener "Symfony\Bundle\FrameworkBundle\EventListener\SessionListener::onKernelRequest". [] []
[2013-09-14 01:11:05] event.DEBUG: Notified event "kernel.request" to listener "Symfony\Component\HttpKernel\EventListener\FragmentListener::onKernelRequest". [] []
[2013-09-14 01:11:05] event.DEBUG: Notified event "kernel.request" to listener "Symfony\Component\HttpKernel\EventListener\RouterListener::onKernelRequest". [] []
[2013-09-14 01:11:05] event.DEBUG: Notified event "kernel.exception" to listener "Symfony\Component\HttpKernel\EventListener\ProfilerListener::onKernelException". [] []
[2013-09-14 01:11:05] event.DEBUG: Notified event "kernel.exception" to listener "Symfony\Component\HttpKernel\EventListener\ExceptionListener::onKernelException". [] []
[2013-09-14 01:11:05] request.ERROR: Uncaught PHP Exception Symfony\Component\HttpKernel\Exception\NotFoundHttpException: "No route found for "GET /bundles/loginlogin/css/bootstrap-resnposive.css"" at C:\xampp2\htdocs\LoginProject\app\cache\prod\classes.php line 3597 [] []
[2013-09-14 01:11:05] event.DEBUG: Notified event "kernel.request" to listener "closure". [] []
[2013-09-14 01:11:05] event.DEBUG: Notified event "kernel.request" to listener "Symfony\Component\HttpKernel\EventListener\ProfilerListener::onKernelRequest". [] []
[2013-09-14 01:11:05] event.DEBUG: Notified event "kernel.request" to listener "closure". [] []
[2013-09-14 01:11:05] event.DEBUG: Notified event "kernel.request" to listener "Symfony\Bundle\FrameworkBundle\EventListener\SessionListener::onKernelRequest". [] []
[2013-09-14 01:11:05] event.DEBUG: Notified event "kernel.request" to listener "closure". [] []
[2013-09-14 01:11:05] event.DEBUG: Notified event "kernel.request" to listener "Symfony\Component\HttpKernel\EventListener\FragmentListener::onKernelRequest". [] []
[2013-09-14 01:11:05] event.DEBUG: Notified event "kernel.request" to listener "closure". [] []
[2013-09-14 01:11:05] event.DEBUG: Notified event "kernel.request" to listener "Symfony\Component\HttpKernel\EventListener\RouterListener::onKernelRequest". [] []
[2013-09-14 01:11:05] event.DEBUG: Notified event "kernel.request" to listener "closure". [] []
[2013-09-14 01:11:05] event.DEBUG: Notified event "kernel.request" to listener "Symfony\Component\HttpKernel\EventListener\LocaleListener::onKernelRequest". [] []
[2013-09-14 01:11:05] event.DEBUG: Notified event "kernel.request" to listener "closure". [] []
[2013-09-14 01:11:05] event.DEBUG: Notified event "kernel.request" to listener "Symfony\Component\Security\Http\Firewall::onKernelRequest". [] []
[2013-09-14 01:11:05] event.DEBUG: Notified event "kernel.request" to listener "closure". [] []
[2013-09-14 01:11:05] event.DEBUG: Notified event "kernel.request" to listener "Symfony\Component\HttpKernel\Fragment\FragmentHandler::onKernelRequest". [] []
[2013-09-14 01:11:05] event.DEBUG: Notified event "kernel.request" to listener "closure". [] []
[2013-09-14 01:11:05] event.DEBUG: Notified event "kernel.request" to listener "Symfony\Component\HttpKernel\EventListener\DeprecationLoggerListener::injectLogger". [] []
[2013-09-14 01:11:05] event.DEBUG: Notified event "kernel.controller" to listener "Symfony\Bundle\FrameworkBundle\DataCollector\RouterDataCollector::onKernelController". [] []
[2013-09-14 01:11:05] event.DEBUG: Notified event "kernel.controller" to listener "Sensio\Bundle\FrameworkExtraBundle\EventListener\ControllerListener::onKernelController". [] []
[2013-09-14 01:11:05] event.DEBUG: Notified event "kernel.controller" to listener "Sensio\Bundle\FrameworkExtraBundle\EventListener\ParamConverterListener::onKernelController". [] []
[2013-09-14 01:11:05] event.DEBUG: Notified event "kernel.controller" to listener "Sensio\Bundle\FrameworkExtraBundle\EventListener\TemplateListener::onKernelController". [] []
[2013-09-14 01:11:05] event.DEBUG: Notified event "kernel.controller" to listener "Symfony\Component\HttpKernel\DataCollector\RequestDataCollector::onKernelController". [] []
[2013-09-14 01:11:06] event.DEBUG: Notified event "kernel.response" to listener "Sensio\Bundle\FrameworkExtraBundle\EventListener\CacheListener::onKernelResponse". [] []
[2013-09-14 01:11:06] event.DEBUG: Notified event "kernel.response" to listener "Symfony\Component\HttpKernel\EventListener\ResponseListener::onKernelResponse". [] []
[2013-09-14 01:11:06] event.DEBUG: Notified event "kernel.response" to listener "Symfony\Component\HttpKernel\EventListener\LocaleListener::onKernelResponse". [] []
[2013-09-14 01:11:06] event.DEBUG: Notified event "kernel.response" to listener "Symfony\Component\HttpKernel\Fragment\FragmentHandler::onKernelResponse". [] []
[2013-09-14 01:11:06] event.DEBUG: Notified event "kernel.response" to listener "Symfony\Component\Security\Http\RememberMe\ResponseListener::onKernelResponse". [] []
[2013-09-14 01:11:06] event.DEBUG: Notified event "kernel.response" to listener "Symfony\Component\HttpKernel\EventListener\ProfilerListener::onKernelResponse". [] []
[2013-09-14 01:11:06] event.DEBUG: Notified event "kernel.response" to listener "Symfony\Component\HttpKernel\EventListener\StreamedResponseListener::onKernelResponse". [] []
[2013-09-14 01:11:06] event.DEBUG: Listener "Symfony\Component\HttpKernel\EventListener\ExceptionListener::onKernelException" stopped propagation of the event "kernel.exception". [] []
[2013-09-14 01:11:06] event.DEBUG: Notified event "kernel.response" to listener "Sensio\Bundle\FrameworkExtraBundle\EventListener\CacheListener::onKernelResponse". [] []
[2013-09-14 01:11:06] event.DEBUG: Notified event "kernel.response" to listener "Symfony\Component\HttpKernel\EventListener\ResponseListener::onKernelResponse". [] []
[2013-09-14 01:11:06] event.DEBUG: Notified event "kernel.response" to listener "Symfony\Component\HttpKernel\EventListener\LocaleListener::onKernelResponse". [] []
[2013-09-14 01:11:06] event.DEBUG: Notified event "kernel.response" to listener "Symfony\Component\HttpKernel\Fragment\FragmentHandler::onKernelResponse". [] []
[2013-09-14 01:11:06] event.DEBUG: Notified event "kernel.response" to listener "Symfony\Component\Security\Http\RememberMe\ResponseListener::onKernelResponse". [] []
[2013-09-14 01:11:06] event.DEBUG: Notified event "kernel.response" to listener "Symfony\Component\HttpKernel\EventListener\ProfilerListener::onKernelResponse". [] []
[2013-09-14 01:11:06] event.DEBUG: Notified event "kernel.response" to listener "Symfony\Component\HttpKernel\EventListener\StreamedResponseListener::onKernelResponse". [] []
[2013-09-14 01:11:06] event.DEBUG: Notified event "kernel.terminate" to listener "Symfony\Bundle\SwiftmailerBundle\EventListener\EmailSenderListener::onKernelTerminate". [] []
